0 info it worked if it ends with ok
1 verbose cli [ '/usr/bin/node', '/usr/bin/npm', 'install', 'firebase' ]
2 info using npm@1.3.14
3 info using node@v0.10.22
4 verbose node symlink /usr/bin/node
5 verbose readDependencies using package.json deps
6 verbose cache add [ 'firebase', null ]
7 verbose cache add name=undefined spec="firebase" args=["firebase",null]
8 verbose parsed url { protocol: null,
8 verbose parsed url   slashes: null,
8 verbose parsed url   auth: null,
8 verbose parsed url   host: null,
8 verbose parsed url   port: null,
8 verbose parsed url   hostname: null,
8 verbose parsed url   hash: null,
8 verbose parsed url   search: null,
8 verbose parsed url   query: null,
8 verbose parsed url   pathname: 'firebase',
8 verbose parsed url   path: 'firebase',
8 verbose parsed url   href: 'firebase' }
9 silly lockFile 92f5e8df-firebase firebase
10 verbose lock firebase /home/dainovu3/.npm/92f5e8df-firebase.lock
11 silly lockFile 92f5e8df-firebase firebase
12 silly lockFile 92f5e8df-firebase firebase
13 verbose addNamed [ 'firebase', '' ]
14 verbose addNamed [ null, '*' ]
15 silly lockFile 2bddc103-firebase firebase@
16 verbose lock firebase@ /home/dainovu3/.npm/2bddc103-firebase.lock
17 silly addNameRange { name: 'firebase', range: '*', hasData: false }
18 verbose url raw firebase
19 verbose url resolving [ 'https://registry.npmjs.org/', './firebase' ]
20 verbose url resolved https://registry.npmjs.org/firebase
21 info trying registry request attempt 1 at 18:28:12
22 verbose etag "A149M0PL4XOVLW5WSJYPKK1LP"
23 http GET https://registry.npmjs.org/firebase
24 http 304 https://registry.npmjs.org/firebase
25 silly registry.get cb [ 304,
25 silly registry.get   { server: 'CouchDB/1.5.0 (Erlang OTP/R15B03)',
25 silly registry.get     etag: '"A149M0PL4XOVLW5WSJYPKK1LP"',
25 silly registry.get     date: 'Wed, 11 Dec 2013 00:28:12 GMT',
25 silly registry.get     'content-length': '0' } ]
26 verbose etag firebase from cache
27 silly addNameRange number 2 { name: 'firebase', range: '*', hasData: true }
28 silly addNameRange versions [ 'firebase',
28 silly addNameRange   [ '0.0.0',
28 silly addNameRange     '0.5.0',
28 silly addNameRange     '0.5.1',
28 silly addNameRange     '0.5.2',
28 silly addNameRange     '0.5.3',
28 silly addNameRange     '0.5.4',
28 silly addNameRange     '0.6.0',
28 silly addNameRange     '0.6.1',
28 silly addNameRange     '0.6.2',
28 silly addNameRange     '0.6.3',
28 silly addNameRange     '0.6.4',
28 silly addNameRange     '0.6.5',
28 silly addNameRange     '0.6.6',
28 silly addNameRange     '0.6.7',
28 silly addNameRange     '0.6.8',
28 silly addNameRange     '0.6.9',
28 silly addNameRange     '0.6.10',
28 silly addNameRange     '0.6.11',
28 silly addNameRange     '0.6.14',
28 silly addNameRange     '0.6.15',
28 silly addNameRange     '0.6.16',
28 silly addNameRange     '0.6.17',
28 silly addNameRange     '0.6.19',
28 silly addNameRange     '0.6.21',
28 silly addNameRange     '0.6.22',
28 silly addNameRange     '1.0.1' ] ]
29 verbose addNamed [ 'firebase', '1.0.1' ]
30 verbose addNamed [ '1.0.1', '1.0.1' ]
31 silly lockFile cbd3f929-firebase-1-0-1 firebase@1.0.1
32 verbose lock firebase@1.0.1 /home/dainovu3/.npm/cbd3f929-firebase-1-0-1.lock
33 silly lockFile eb8f463e--org-firebase-firebase-1-0-1-tgz https://registry.npmjs.org/firebase/-/firebase-1.0.1.tgz
34 verbose lock https://registry.npmjs.org/firebase/-/firebase-1.0.1.tgz /home/dainovu3/.npm/eb8f463e--org-firebase-firebase-1-0-1-tgz.lock
35 verbose addRemoteTarball [ 'https://registry.npmjs.org/firebase/-/firebase-1.0.1.tgz',
35 verbose addRemoteTarball   '2db985c3c890b9e66b4c657424ac44f0b926ef23' ]
36 info retry fetch attempt 1 at 18:28:12
37 verbose fetch to= /home/dainovu3/tmp/npm-13587-nPRbqxnF/1386721692835-0.7523609842173755/tmp.tgz
38 http GET https://registry.npmjs.org/firebase/-/firebase-1.0.1.tgz
39 http 404 https://registry.npmjs.org/firebase/-/firebase-1.0.1.tgz
40 error fetch failed https://registry.npmjs.org/firebase/-/firebase-1.0.1.tgz
41 silly lockFile eb8f463e--org-firebase-firebase-1-0-1-tgz https://registry.npmjs.org/firebase/-/firebase-1.0.1.tgz
42 silly lockFile eb8f463e--org-firebase-firebase-1-0-1-tgz https://registry.npmjs.org/firebase/-/firebase-1.0.1.tgz
43 silly lockFile cbd3f929-firebase-1-0-1 firebase@1.0.1
44 silly lockFile cbd3f929-firebase-1-0-1 firebase@1.0.1
45 silly lockFile 2bddc103-firebase firebase@
46 silly lockFile 2bddc103-firebase firebase@
47 error Error: 404 Not Found
47 error     at WriteStream.<anonymous> (/usr/lib/node_modules/npm/lib/utils/fetch.js:57:12)
47 error     at WriteStream.EventEmitter.emit (events.js:117:20)
47 error     at fs.js:1596:14
47 error     at /usr/lib/node_modules/npm/node_modules/graceful-fs/graceful-fs.js:103:5
47 error     at Object.oncomplete (fs.js:107:15)
48 error If you need help, you may report this log at:
48 error     <http://github.com/isaacs/npm/issues>
48 error or email it to:
48 error     <npm-@googlegroups.com>
49 error System Linux 3.11.0-14-generic
50 error command "/usr/bin/node" "/usr/bin/npm" "install" "firebase"
51 error cwd /home/dainovu3/Programs/angular_practice/quarter_bets
52 error node -v v0.10.22
53 error npm -v 1.3.14
54 verbose exit [ 1, true ]
